

============================== 2022-08-11 13:24:26.328059 | 7de913c7-aa4b-497c-bff8-85362faa7423 ==============================
[0m13:24:26.328064 [info ] [MainThread]: Running with dbt=1.2.0
[0m13:24:26.328259 [debug] [MainThread]: running dbt with arguments {'write_json': True, 'use_colors': True, 'printer_width': 80, 'version_check': True, 'partial_parse': True, 'static_parser': True, 'profiles_dir': '/Users/bharath/.dbt', 'send_anonymous_usage_stats': True, 'event_buffer_size': 100000, 'quiet': False, 'no_print': False, 'project_name': 'Titan_Analytics', 'skip_profile_setup': False, 'which': 'init', 'indirect_selection': 'eager'}
[0m13:24:26.328325 [debug] [MainThread]: Tracking: tracking
[0m13:24:26.338587 [debug] [MainThread]: Sending event: {'category': 'dbt', 'action': 'invocation', 'label': 'start', 'context': [<snowplow_tracker.self_describing_json.SelfDescribingJson object at 0x107461c70>, <snowplow_tracker.self_describing_json.SelfDescribingJson object at 0x107461d90>, <snowplow_tracker.self_describing_json.SelfDescribingJson object at 0x107461dc0>]}
[0m13:24:26.339319 [info ] [MainThread]: Creating dbt configuration folder at /Users/bharath/.dbt
[0m13:24:26.340620 [debug] [MainThread]: Starter project path: /opt/homebrew/Cellar/dbt-bigquery/1.2.0/libexec/lib/python3.9/site-packages/dbt/include/starter_project
[0m13:28:53.476891 [info ] [MainThread]: Profile Titan_Analytics written to /Users/bharath/.dbt/profiles.yml using target's profile_template.yml and your supplied values. Run 'dbt debug' to validate the connection.
[0m13:28:53.477635 [info ] [MainThread]: 
Your new dbt project "Titan_Analytics" was created!

For more information on how to configure the profiles.yml file,
please consult the dbt documentation here:

  https://docs.getdbt.com/docs/configure-your-profile

One more thing:

Need help? Don't hesitate to reach out to us via GitHub issues or on Slack:

  https://community.getdbt.com/

Happy modeling!

[0m13:28:53.478079 [debug] [MainThread]: Sending event: {'category': 'dbt', 'action': 'invocation', 'label': 'end', 'context': [<snowplow_tracker.self_describing_json.SelfDescribingJson object at 0x10743bd00>, <snowplow_tracker.self_describing_json.SelfDescribingJson object at 0x10743b160>, <snowplow_tracker.self_describing_json.SelfDescribingJson object at 0x10743beb0>]}


============================== 2022-08-11 13:29:34.784666 | 237b24a4-7af6-41fe-a269-bd396ac411a4 ==============================
[0m13:29:34.784671 [info ] [MainThread]: Running with dbt=1.2.0
[0m13:29:34.784855 [debug] [MainThread]: running dbt with arguments {'write_json': True, 'use_colors': True, 'printer_width': 80, 'version_check': True, 'partial_parse': True, 'static_parser': True, 'profiles_dir': '/Users/bharath/.dbt', 'send_anonymous_usage_stats': True, 'event_buffer_size': 100000, 'quiet': False, 'no_print': False, 'config_dir': False, 'which': 'debug', 'indirect_selection': 'eager'}
[0m13:29:34.784919 [debug] [MainThread]: Tracking: tracking
[0m13:29:34.790654 [debug] [MainThread]: Sending event: {'category': 'dbt', 'action': 'invocation', 'label': 'start', 'context': [<snowplow_tracker.self_describing_json.SelfDescribingJson object at 0x10422c6d0>, <snowplow_tracker.self_describing_json.SelfDescribingJson object at 0x10422ca60>, <snowplow_tracker.self_describing_json.SelfDescribingJson object at 0x10422c8e0>]}
[0m13:29:34.921413 [debug] [MainThread]: Executing "git --help"
[0m13:29:34.931749 [debug] [MainThread]: STDOUT: "b"usage: git [--version] [--help] [-C <path>] [-c <name>=<value>]\n           [--exec-path[=<path>]] [--html-path] [--man-path] [--info-path]\n           [-p | --paginate | -P | --no-pager] [--no-replace-objects] [--bare]\n           [--git-dir=<path>] [--work-tree=<path>] [--namespace=<name>]\n           [--super-prefix=<path>] [--config-env=<name>=<envvar>]\n           <command> [<args>]\n\nThese are common Git commands used in various situations:\n\nstart a working area (see also: git help tutorial)\n   clone             Clone a repository into a new directory\n   init              Create an empty Git repository or reinitialize an existing one\n\nwork on the current change (see also: git help everyday)\n   add               Add file contents to the index\n   mv                Move or rename a file, a directory, or a symlink\n   restore           Restore working tree files\n   rm                Remove files from the working tree and from the index\n   sparse-checkout   Initialize and modify the sparse-checkout\n\nexamine the history and state (see also: git help revisions)\n   bisect            Use binary search to find the commit that introduced a bug\n   diff              Show changes between commits, commit and working tree, etc\n   grep              Print lines matching a pattern\n   log               Show commit logs\n   show              Show various types of objects\n   status            Show the working tree status\n\ngrow, mark and tweak your common history\n   branch            List, create, or delete branches\n   commit            Record changes to the repository\n   merge             Join two or more development histories together\n   rebase            Reapply commits on top of another base tip\n   reset             Reset current HEAD to the specified state\n   switch            Switch branches\n   tag               Create, list, delete or verify a tag object signed with GPG\n\ncollaborate (see also: git help workflows)\n   fetch             Download objects and refs from another repository\n   pull              Fetch from and integrate with another repository or a local branch\n   push              Update remote refs along with associated objects\n\n'git help -a' and 'git help -g' list available subcommands and some\nconcept guides. See 'git help <command>' or 'git help <concept>'\nto read about a specific subcommand or concept.\nSee 'git help git' for an overview of the system.\n""
[0m13:29:34.932111 [debug] [MainThread]: STDERR: "b''"
[0m13:29:34.935479 [debug] [MainThread]: Acquiring new bigquery connection "debug"
[0m13:29:34.935885 [debug] [MainThread]: Opening a new connection, currently in state init
[0m13:29:40.944769 [debug] [MainThread]: BigQuery adapter: Got an error when attempting to create a bigquery client: 'Runtime Error
  
  dbt encountered an error while trying to read your profiles.yml file.
  
  Could not automatically determine credentials. Please set GOOGLE_APPLICATION_CREDENTIALS or explicitly create credentials and re-run the application. For more information, please see https://cloud.google.com/docs/authentication/getting-started
  '
[0m13:29:40.947062 [debug] [MainThread]: Sending event: {'category': 'dbt', 'action': 'invocation', 'label': 'end', 'context': [<snowplow_tracker.self_describing_json.SelfDescribingJson object at 0x1055e45e0>, <snowplow_tracker.self_describing_json.SelfDescribingJson object at 0x1055e4100>, <snowplow_tracker.self_describing_json.SelfDescribingJson object at 0x1055e4940>]}
[0m13:29:42.103198 [debug] [MainThread]: Connection 'debug' was properly closed.


============================== 2022-08-11 13:35:49.990255 | de3ad1c2-d76f-494b-9525-56b6be7fd36a ==============================
[0m13:35:49.990260 [info ] [MainThread]: Running with dbt=1.2.0
[0m13:35:49.990443 [debug] [MainThread]: running dbt with arguments {'write_json': True, 'use_colors': True, 'printer_width': 80, 'version_check': True, 'partial_parse': True, 'static_parser': True, 'profiles_dir': '/Users/bharath/.dbt', 'send_anonymous_usage_stats': True, 'event_buffer_size': 100000, 'quiet': False, 'no_print': False, 'config_dir': False, 'which': 'debug', 'indirect_selection': 'eager'}
[0m13:35:49.990507 [debug] [MainThread]: Tracking: tracking
[0m13:35:49.997360 [debug] [MainThread]: Sending event: {'category': 'dbt', 'action': 'invocation', 'label': 'start', 'context': [<snowplow_tracker.self_describing_json.SelfDescribingJson object at 0x105bc44f0>, <snowplow_tracker.self_describing_json.SelfDescribingJson object at 0x105bc47c0>, <snowplow_tracker.self_describing_json.SelfDescribingJson object at 0x105bc49d0>]}
[0m13:35:50.129781 [debug] [MainThread]: Executing "git --help"
[0m13:35:50.138518 [debug] [MainThread]: STDOUT: "b"usage: git [--version] [--help] [-C <path>] [-c <name>=<value>]\n           [--exec-path[=<path>]] [--html-path] [--man-path] [--info-path]\n           [-p | --paginate | -P | --no-pager] [--no-replace-objects] [--bare]\n           [--git-dir=<path>] [--work-tree=<path>] [--namespace=<name>]\n           [--super-prefix=<path>] [--config-env=<name>=<envvar>]\n           <command> [<args>]\n\nThese are common Git commands used in various situations:\n\nstart a working area (see also: git help tutorial)\n   clone             Clone a repository into a new directory\n   init              Create an empty Git repository or reinitialize an existing one\n\nwork on the current change (see also: git help everyday)\n   add               Add file contents to the index\n   mv                Move or rename a file, a directory, or a symlink\n   restore           Restore working tree files\n   rm                Remove files from the working tree and from the index\n   sparse-checkout   Initialize and modify the sparse-checkout\n\nexamine the history and state (see also: git help revisions)\n   bisect            Use binary search to find the commit that introduced a bug\n   diff              Show changes between commits, commit and working tree, etc\n   grep              Print lines matching a pattern\n   log               Show commit logs\n   show              Show various types of objects\n   status            Show the working tree status\n\ngrow, mark and tweak your common history\n   branch            List, create, or delete branches\n   commit            Record changes to the repository\n   merge             Join two or more development histories together\n   rebase            Reapply commits on top of another base tip\n   reset             Reset current HEAD to the specified state\n   switch            Switch branches\n   tag               Create, list, delete or verify a tag object signed with GPG\n\ncollaborate (see also: git help workflows)\n   fetch             Download objects and refs from another repository\n   pull              Fetch from and integrate with another repository or a local branch\n   push              Update remote refs along with associated objects\n\n'git help -a' and 'git help -g' list available subcommands and some\nconcept guides. See 'git help <command>' or 'git help <concept>'\nto read about a specific subcommand or concept.\nSee 'git help git' for an overview of the system.\n""
[0m13:35:50.138932 [debug] [MainThread]: STDERR: "b''"
[0m13:35:50.141297 [debug] [MainThread]: Acquiring new bigquery connection "debug"
[0m13:35:50.141760 [debug] [MainThread]: Opening a new connection, currently in state init
[0m13:35:56.150510 [debug] [MainThread]: BigQuery adapter: Got an error when attempting to create a bigquery client: 'Runtime Error
  
  dbt encountered an error while trying to read your profiles.yml file.
  
  Could not automatically determine credentials. Please set GOOGLE_APPLICATION_CREDENTIALS or explicitly create credentials and re-run the application. For more information, please see https://cloud.google.com/docs/authentication/getting-started
  '
[0m13:35:56.153480 [debug] [MainThread]: Sending event: {'category': 'dbt', 'action': 'invocation', 'label': 'end', 'context': [<snowplow_tracker.self_describing_json.SelfDescribingJson object at 0x106f52be0>, <snowplow_tracker.self_describing_json.SelfDescribingJson object at 0x106f42880>, <snowplow_tracker.self_describing_json.SelfDescribingJson object at 0x106f429a0>]}
[0m13:35:57.242609 [debug] [MainThread]: Connection 'debug' was properly closed.


============================== 2022-08-11 13:40:40.652712 | 58ca6a78-fb1a-4041-9a7a-5a8ecae3f0a6 ==============================
[0m13:40:40.652716 [info ] [MainThread]: Running with dbt=1.2.0
[0m13:40:40.652893 [debug] [MainThread]: running dbt with arguments {'write_json': True, 'use_colors': True, 'printer_width': 80, 'version_check': True, 'partial_parse': True, 'static_parser': True, 'profiles_dir': '/Users/bharath/.dbt', 'send_anonymous_usage_stats': True, 'event_buffer_size': 100000, 'quiet': False, 'no_print': False, 'config_dir': False, 'which': 'debug', 'indirect_selection': 'eager'}
[0m13:40:40.652965 [debug] [MainThread]: Tracking: tracking
[0m13:40:40.660883 [debug] [MainThread]: Sending event: {'category': 'dbt', 'action': 'invocation', 'label': 'start', 'context': [<snowplow_tracker.self_describing_json.SelfDescribingJson object at 0x10423a820>, <snowplow_tracker.self_describing_json.SelfDescribingJson object at 0x10423aa30>, <snowplow_tracker.self_describing_json.SelfDescribingJson object at 0x10423ab20>]}
[0m13:40:40.794435 [debug] [MainThread]: Executing "git --help"
[0m13:40:40.803104 [debug] [MainThread]: STDOUT: "b"usage: git [--version] [--help] [-C <path>] [-c <name>=<value>]\n           [--exec-path[=<path>]] [--html-path] [--man-path] [--info-path]\n           [-p | --paginate | -P | --no-pager] [--no-replace-objects] [--bare]\n           [--git-dir=<path>] [--work-tree=<path>] [--namespace=<name>]\n           [--super-prefix=<path>] [--config-env=<name>=<envvar>]\n           <command> [<args>]\n\nThese are common Git commands used in various situations:\n\nstart a working area (see also: git help tutorial)\n   clone             Clone a repository into a new directory\n   init              Create an empty Git repository or reinitialize an existing one\n\nwork on the current change (see also: git help everyday)\n   add               Add file contents to the index\n   mv                Move or rename a file, a directory, or a symlink\n   restore           Restore working tree files\n   rm                Remove files from the working tree and from the index\n   sparse-checkout   Initialize and modify the sparse-checkout\n\nexamine the history and state (see also: git help revisions)\n   bisect            Use binary search to find the commit that introduced a bug\n   diff              Show changes between commits, commit and working tree, etc\n   grep              Print lines matching a pattern\n   log               Show commit logs\n   show              Show various types of objects\n   status            Show the working tree status\n\ngrow, mark and tweak your common history\n   branch            List, create, or delete branches\n   commit            Record changes to the repository\n   merge             Join two or more development histories together\n   rebase            Reapply commits on top of another base tip\n   reset             Reset current HEAD to the specified state\n   switch            Switch branches\n   tag               Create, list, delete or verify a tag object signed with GPG\n\ncollaborate (see also: git help workflows)\n   fetch             Download objects and refs from another repository\n   pull              Fetch from and integrate with another repository or a local branch\n   push              Update remote refs along with associated objects\n\n'git help -a' and 'git help -g' list available subcommands and some\nconcept guides. See 'git help <command>' or 'git help <concept>'\nto read about a specific subcommand or concept.\nSee 'git help git' for an overview of the system.\n""
[0m13:40:40.803508 [debug] [MainThread]: STDERR: "b''"
[0m13:40:40.805876 [debug] [MainThread]: Acquiring new bigquery connection "debug"
[0m13:40:40.806450 [debug] [MainThread]: Opening a new connection, currently in state init
[0m13:40:46.814634 [debug] [MainThread]: BigQuery adapter: Got an error when attempting to create a bigquery client: 'Runtime Error
  
  dbt encountered an error while trying to read your profiles.yml file.
  
  Could not automatically determine credentials. Please set GOOGLE_APPLICATION_CREDENTIALS or explicitly create credentials and re-run the application. For more information, please see https://cloud.google.com/docs/authentication/getting-started
  '
[0m13:40:46.818651 [debug] [MainThread]: Sending event: {'category': 'dbt', 'action': 'invocation', 'label': 'end', 'context': [<snowplow_tracker.self_describing_json.SelfDescribingJson object at 0x1055b79a0>, <snowplow_tracker.self_describing_json.SelfDescribingJson object at 0x1055caa30>, <snowplow_tracker.self_describing_json.SelfDescribingJson object at 0x1055ca6d0>]}
[0m13:40:47.921080 [debug] [MainThread]: Connection 'debug' was properly closed.


============================== 2022-08-11 13:44:07.933126 | 6b94e583-a59f-4d1c-a3d2-013bb9ba7a7f ==============================
[0m13:44:07.933131 [info ] [MainThread]: Running with dbt=1.2.0
[0m13:44:07.933320 [debug] [MainThread]: running dbt with arguments {'write_json': True, 'use_colors': True, 'printer_width': 80, 'version_check': True, 'partial_parse': True, 'static_parser': True, 'profiles_dir': '/Users/bharath/.dbt', 'send_anonymous_usage_stats': True, 'event_buffer_size': 100000, 'quiet': False, 'no_print': False, 'config_dir': False, 'which': 'debug', 'indirect_selection': 'eager'}
[0m13:44:07.933385 [debug] [MainThread]: Tracking: tracking
[0m13:44:07.939463 [debug] [MainThread]: Sending event: {'category': 'dbt', 'action': 'invocation', 'label': 'start', 'context': [<snowplow_tracker.self_describing_json.SelfDescribingJson object at 0x1043b4700>, <snowplow_tracker.self_describing_json.SelfDescribingJson object at 0x1043b4910>, <snowplow_tracker.self_describing_json.SelfDescribingJson object at 0x1043b4a00>]}
[0m13:44:08.071288 [debug] [MainThread]: Executing "git --help"
[0m13:44:08.079831 [debug] [MainThread]: STDOUT: "b"usage: git [--version] [--help] [-C <path>] [-c <name>=<value>]\n           [--exec-path[=<path>]] [--html-path] [--man-path] [--info-path]\n           [-p | --paginate | -P | --no-pager] [--no-replace-objects] [--bare]\n           [--git-dir=<path>] [--work-tree=<path>] [--namespace=<name>]\n           [--super-prefix=<path>] [--config-env=<name>=<envvar>]\n           <command> [<args>]\n\nThese are common Git commands used in various situations:\n\nstart a working area (see also: git help tutorial)\n   clone             Clone a repository into a new directory\n   init              Create an empty Git repository or reinitialize an existing one\n\nwork on the current change (see also: git help everyday)\n   add               Add file contents to the index\n   mv                Move or rename a file, a directory, or a symlink\n   restore           Restore working tree files\n   rm                Remove files from the working tree and from the index\n   sparse-checkout   Initialize and modify the sparse-checkout\n\nexamine the history and state (see also: git help revisions)\n   bisect            Use binary search to find the commit that introduced a bug\n   diff              Show changes between commits, commit and working tree, etc\n   grep              Print lines matching a pattern\n   log               Show commit logs\n   show              Show various types of objects\n   status            Show the working tree status\n\ngrow, mark and tweak your common history\n   branch            List, create, or delete branches\n   commit            Record changes to the repository\n   merge             Join two or more development histories together\n   rebase            Reapply commits on top of another base tip\n   reset             Reset current HEAD to the specified state\n   switch            Switch branches\n   tag               Create, list, delete or verify a tag object signed with GPG\n\ncollaborate (see also: git help workflows)\n   fetch             Download objects and refs from another repository\n   pull              Fetch from and integrate with another repository or a local branch\n   push              Update remote refs along with associated objects\n\n'git help -a' and 'git help -g' list available subcommands and some\nconcept guides. See 'git help <command>' or 'git help <concept>'\nto read about a specific subcommand or concept.\nSee 'git help git' for an overview of the system.\n""
[0m13:44:08.080171 [debug] [MainThread]: STDERR: "b''"
[0m13:44:08.082631 [debug] [MainThread]: Acquiring new bigquery connection "debug"
[0m13:44:08.083013 [debug] [MainThread]: Opening a new connection, currently in state init
[0m13:44:14.090458 [debug] [MainThread]: BigQuery adapter: Got an error when attempting to create a bigquery client: 'Runtime Error
  
  dbt encountered an error while trying to read your profiles.yml file.
  
  Could not automatically determine credentials. Please set GOOGLE_APPLICATION_CREDENTIALS or explicitly create credentials and re-run the application. For more information, please see https://cloud.google.com/docs/authentication/getting-started
  '
[0m13:44:14.092604 [debug] [MainThread]: Sending event: {'category': 'dbt', 'action': 'invocation', 'label': 'end', 'context': [<snowplow_tracker.self_describing_json.SelfDescribingJson object at 0x1057308b0>, <snowplow_tracker.self_describing_json.SelfDescribingJson object at 0x105738340>, <snowplow_tracker.self_describing_json.SelfDescribingJson object at 0x105738820>]}
[0m13:44:15.251365 [debug] [MainThread]: Connection 'debug' was properly closed.


============================== 2022-08-11 13:45:10.844079 | 2e0c433b-1d04-4fa5-bb6a-43097cf65e75 ==============================
[0m13:45:10.844084 [info ] [MainThread]: Running with dbt=1.2.0
[0m13:45:10.844276 [debug] [MainThread]: running dbt with arguments {'write_json': True, 'use_colors': True, 'printer_width': 80, 'version_check': True, 'partial_parse': True, 'static_parser': True, 'profiles_dir': '/Users/bharath/.dbt', 'send_anonymous_usage_stats': True, 'event_buffer_size': 100000, 'quiet': False, 'no_print': False, 'config_dir': False, 'which': 'debug', 'indirect_selection': 'eager'}
[0m13:45:10.844343 [debug] [MainThread]: Tracking: tracking
[0m13:45:10.850634 [debug] [MainThread]: Sending event: {'category': 'dbt', 'action': 'invocation', 'label': 'start', 'context': [<snowplow_tracker.self_describing_json.SelfDescribingJson object at 0x1081186a0>, <snowplow_tracker.self_describing_json.SelfDescribingJson object at 0x108118a30>, <snowplow_tracker.self_describing_json.SelfDescribingJson object at 0x1081188b0>]}
[0m13:45:10.983946 [debug] [MainThread]: Executing "git --help"
[0m13:45:10.992678 [debug] [MainThread]: STDOUT: "b"usage: git [--version] [--help] [-C <path>] [-c <name>=<value>]\n           [--exec-path[=<path>]] [--html-path] [--man-path] [--info-path]\n           [-p | --paginate | -P | --no-pager] [--no-replace-objects] [--bare]\n           [--git-dir=<path>] [--work-tree=<path>] [--namespace=<name>]\n           [--super-prefix=<path>] [--config-env=<name>=<envvar>]\n           <command> [<args>]\n\nThese are common Git commands used in various situations:\n\nstart a working area (see also: git help tutorial)\n   clone             Clone a repository into a new directory\n   init              Create an empty Git repository or reinitialize an existing one\n\nwork on the current change (see also: git help everyday)\n   add               Add file contents to the index\n   mv                Move or rename a file, a directory, or a symlink\n   restore           Restore working tree files\n   rm                Remove files from the working tree and from the index\n   sparse-checkout   Initialize and modify the sparse-checkout\n\nexamine the history and state (see also: git help revisions)\n   bisect            Use binary search to find the commit that introduced a bug\n   diff              Show changes between commits, commit and working tree, etc\n   grep              Print lines matching a pattern\n   log               Show commit logs\n   show              Show various types of objects\n   status            Show the working tree status\n\ngrow, mark and tweak your common history\n   branch            List, create, or delete branches\n   commit            Record changes to the repository\n   merge             Join two or more development histories together\n   rebase            Reapply commits on top of another base tip\n   reset             Reset current HEAD to the specified state\n   switch            Switch branches\n   tag               Create, list, delete or verify a tag object signed with GPG\n\ncollaborate (see also: git help workflows)\n   fetch             Download objects and refs from another repository\n   pull              Fetch from and integrate with another repository or a local branch\n   push              Update remote refs along with associated objects\n\n'git help -a' and 'git help -g' list available subcommands and some\nconcept guides. See 'git help <command>' or 'git help <concept>'\nto read about a specific subcommand or concept.\nSee 'git help git' for an overview of the system.\n""
[0m13:45:10.993029 [debug] [MainThread]: STDERR: "b''"
[0m13:45:10.995754 [debug] [MainThread]: Acquiring new bigquery connection "debug"
[0m13:45:10.996147 [debug] [MainThread]: Opening a new connection, currently in state init
[0m13:45:17.004699 [debug] [MainThread]: BigQuery adapter: Got an error when attempting to create a bigquery client: 'Runtime Error
  
  dbt encountered an error while trying to read your profiles.yml file.
  
  Could not automatically determine credentials. Please set GOOGLE_APPLICATION_CREDENTIALS or explicitly create credentials and re-run the application. For more information, please see https://cloud.google.com/docs/authentication/getting-started
  '
[0m13:45:17.007072 [debug] [MainThread]: Sending event: {'category': 'dbt', 'action': 'invocation', 'label': 'end', 'context': [<snowplow_tracker.self_describing_json.SelfDescribingJson object at 0x109491b50>, <snowplow_tracker.self_describing_json.SelfDescribingJson object at 0x109492220>, <snowplow_tracker.self_describing_json.SelfDescribingJson object at 0x1094922e0>]}
[0m13:45:18.053394 [debug] [MainThread]: Connection 'debug' was properly closed.


============================== 2022-08-11 13:46:24.512730 | 1f4d9d3b-5321-46d4-8ad4-41a30ee4aacb ==============================
[0m13:46:24.512736 [info ] [MainThread]: Running with dbt=1.2.0
[0m13:46:24.512920 [debug] [MainThread]: running dbt with arguments {'write_json': True, 'use_colors': True, 'printer_width': 80, 'version_check': True, 'partial_parse': True, 'static_parser': True, 'profiles_dir': '/Users/bharath/.dbt', 'send_anonymous_usage_stats': True, 'event_buffer_size': 100000, 'quiet': False, 'no_print': False, 'config_dir': False, 'which': 'debug', 'indirect_selection': 'eager'}
[0m13:46:24.512987 [debug] [MainThread]: Tracking: tracking
[0m13:46:24.519772 [debug] [MainThread]: Sending event: {'category': 'dbt', 'action': 'invocation', 'label': 'start', 'context': [<snowplow_tracker.self_describing_json.SelfDescribingJson object at 0x106002820>, <snowplow_tracker.self_describing_json.SelfDescribingJson object at 0x106002a30>, <snowplow_tracker.self_describing_json.SelfDescribingJson object at 0x106002b20>]}
[0m13:46:24.650746 [debug] [MainThread]: Executing "git --help"
[0m13:46:24.659184 [debug] [MainThread]: STDOUT: "b"usage: git [--version] [--help] [-C <path>] [-c <name>=<value>]\n           [--exec-path[=<path>]] [--html-path] [--man-path] [--info-path]\n           [-p | --paginate | -P | --no-pager] [--no-replace-objects] [--bare]\n           [--git-dir=<path>] [--work-tree=<path>] [--namespace=<name>]\n           [--super-prefix=<path>] [--config-env=<name>=<envvar>]\n           <command> [<args>]\n\nThese are common Git commands used in various situations:\n\nstart a working area (see also: git help tutorial)\n   clone             Clone a repository into a new directory\n   init              Create an empty Git repository or reinitialize an existing one\n\nwork on the current change (see also: git help everyday)\n   add               Add file contents to the index\n   mv                Move or rename a file, a directory, or a symlink\n   restore           Restore working tree files\n   rm                Remove files from the working tree and from the index\n   sparse-checkout   Initialize and modify the sparse-checkout\n\nexamine the history and state (see also: git help revisions)\n   bisect            Use binary search to find the commit that introduced a bug\n   diff              Show changes between commits, commit and working tree, etc\n   grep              Print lines matching a pattern\n   log               Show commit logs\n   show              Show various types of objects\n   status            Show the working tree status\n\ngrow, mark and tweak your common history\n   branch            List, create, or delete branches\n   commit            Record changes to the repository\n   merge             Join two or more development histories together\n   rebase            Reapply commits on top of another base tip\n   reset             Reset current HEAD to the specified state\n   switch            Switch branches\n   tag               Create, list, delete or verify a tag object signed with GPG\n\ncollaborate (see also: git help workflows)\n   fetch             Download objects and refs from another repository\n   pull              Fetch from and integrate with another repository or a local branch\n   push              Update remote refs along with associated objects\n\n'git help -a' and 'git help -g' list available subcommands and some\nconcept guides. See 'git help <command>' or 'git help <concept>'\nto read about a specific subcommand or concept.\nSee 'git help git' for an overview of the system.\n""
[0m13:46:24.659607 [debug] [MainThread]: STDERR: "b''"
[0m13:46:24.661947 [debug] [MainThread]: Acquiring new bigquery connection "debug"
[0m13:46:24.662401 [debug] [MainThread]: Opening a new connection, currently in state init
[0m13:46:30.671472 [debug] [MainThread]: BigQuery adapter: Got an error when attempting to create a bigquery client: 'Runtime Error
  
  dbt encountered an error while trying to read your profiles.yml file.
  
  Could not automatically determine credentials. Please set GOOGLE_APPLICATION_CREDENTIALS or explicitly create credentials and re-run the application. For more information, please see https://cloud.google.com/docs/authentication/getting-started
  '
[0m13:46:30.673769 [debug] [MainThread]: Sending event: {'category': 'dbt', 'action': 'invocation', 'label': 'end', 'context': [<snowplow_tracker.self_describing_json.SelfDescribingJson object at 0x10737f820>, <snowplow_tracker.self_describing_json.SelfDescribingJson object at 0x107392e50>, <snowplow_tracker.self_describing_json.SelfDescribingJson object at 0x107392760>]}
[0m13:46:31.830651 [debug] [MainThread]: Connection 'debug' was properly closed.


============================== 2022-08-11 14:02:01.876611 | 2dc03f89-4a0d-4673-b9a8-724c28a0d4a2 ==============================
[0m14:02:01.876618 [info ] [MainThread]: Running with dbt=1.2.0
[0m14:02:01.877002 [debug] [MainThread]: running dbt with arguments {'write_json': True, 'use_colors': True, 'printer_width': 80, 'version_check': True, 'partial_parse': True, 'static_parser': True, 'profiles_dir': '/Users/bharath/.dbt', 'send_anonymous_usage_stats': True, 'event_buffer_size': 100000, 'quiet': False, 'no_print': False, 'config_dir': False, 'which': 'debug', 'indirect_selection': 'eager'}
[0m14:02:01.877069 [debug] [MainThread]: Tracking: tracking
[0m14:02:01.885389 [debug] [MainThread]: Sending event: {'category': 'dbt', 'action': 'invocation', 'label': 'start', 'context': [<snowplow_tracker.self_describing_json.SelfDescribingJson object at 0x105050760>, <snowplow_tracker.self_describing_json.SelfDescribingJson object at 0x105050a90>, <snowplow_tracker.self_describing_json.SelfDescribingJson object at 0x1050509a0>]}
[0m14:02:02.084136 [debug] [MainThread]: Executing "git --help"
[0m14:02:02.092389 [debug] [MainThread]: STDOUT: "b"usage: git [--version] [--help] [-C <path>] [-c <name>=<value>]\n           [--exec-path[=<path>]] [--html-path] [--man-path] [--info-path]\n           [-p | --paginate | -P | --no-pager] [--no-replace-objects] [--bare]\n           [--git-dir=<path>] [--work-tree=<path>] [--namespace=<name>]\n           [--super-prefix=<path>] [--config-env=<name>=<envvar>]\n           <command> [<args>]\n\nThese are common Git commands used in various situations:\n\nstart a working area (see also: git help tutorial)\n   clone             Clone a repository into a new directory\n   init              Create an empty Git repository or reinitialize an existing one\n\nwork on the current change (see also: git help everyday)\n   add               Add file contents to the index\n   mv                Move or rename a file, a directory, or a symlink\n   restore           Restore working tree files\n   rm                Remove files from the working tree and from the index\n   sparse-checkout   Initialize and modify the sparse-checkout\n\nexamine the history and state (see also: git help revisions)\n   bisect            Use binary search to find the commit that introduced a bug\n   diff              Show changes between commits, commit and working tree, etc\n   grep              Print lines matching a pattern\n   log               Show commit logs\n   show              Show various types of objects\n   status            Show the working tree status\n\ngrow, mark and tweak your common history\n   branch            List, create, or delete branches\n   commit            Record changes to the repository\n   merge             Join two or more development histories together\n   rebase            Reapply commits on top of another base tip\n   reset             Reset current HEAD to the specified state\n   switch            Switch branches\n   tag               Create, list, delete or verify a tag object signed with GPG\n\ncollaborate (see also: git help workflows)\n   fetch             Download objects and refs from another repository\n   pull              Fetch from and integrate with another repository or a local branch\n   push              Update remote refs along with associated objects\n\n'git help -a' and 'git help -g' list available subcommands and some\nconcept guides. See 'git help <command>' or 'git help <concept>'\nto read about a specific subcommand or concept.\nSee 'git help git' for an overview of the system.\n""
[0m14:02:02.092860 [debug] [MainThread]: STDERR: "b''"
[0m14:02:02.095860 [debug] [MainThread]: Acquiring new bigquery connection "debug"
[0m14:02:02.096484 [debug] [MainThread]: Opening a new connection, currently in state init
[0m14:02:08.106401 [debug] [MainThread]: BigQuery adapter: Got an error when attempting to create a bigquery client: 'Runtime Error
  
  dbt encountered an error while trying to read your profiles.yml file.
  
  Could not automatically determine credentials. Please set GOOGLE_APPLICATION_CREDENTIALS or explicitly create credentials and re-run the application. For more information, please see https://cloud.google.com/docs/authentication/getting-started
  '
[0m14:02:08.108871 [debug] [MainThread]: Sending event: {'category': 'dbt', 'action': 'invocation', 'label': 'end', 'context': [<snowplow_tracker.self_describing_json.SelfDescribingJson object at 0x10648b7f0>, <snowplow_tracker.self_describing_json.SelfDescribingJson object at 0x10649ee20>, <snowplow_tracker.self_describing_json.SelfDescribingJson object at 0x10649e760>]}
[0m14:02:09.422276 [debug] [MainThread]: Connection 'debug' was properly closed.


============================== 2022-08-11 14:10:53.451015 | 9bd19db2-bf2f-4d20-8fee-57d668b6c22b ==============================
[0m14:10:53.451023 [info ] [MainThread]: Running with dbt=1.2.0
[0m14:10:53.451201 [debug] [MainThread]: running dbt with arguments {'write_json': True, 'use_colors': True, 'printer_width': 80, 'version_check': True, 'partial_parse': True, 'static_parser': True, 'profiles_dir': '/Users/bharath/.dbt', 'send_anonymous_usage_stats': True, 'event_buffer_size': 100000, 'quiet': False, 'no_print': False, 'config_dir': False, 'which': 'debug', 'indirect_selection': 'eager'}
[0m14:10:53.451263 [debug] [MainThread]: Tracking: tracking
[0m14:10:53.458380 [debug] [MainThread]: Sending event: {'category': 'dbt', 'action': 'invocation', 'label': 'start', 'context': [<snowplow_tracker.self_describing_json.SelfDescribingJson object at 0x107e0e940>, <snowplow_tracker.self_describing_json.SelfDescribingJson object at 0x107e0ec70>, <snowplow_tracker.self_describing_json.SelfDescribingJson object at 0x107e0eb80>]}
[0m14:10:53.653341 [debug] [MainThread]: Executing "git --help"
[0m14:10:53.662654 [debug] [MainThread]: STDOUT: "b"usage: git [--version] [--help] [-C <path>] [-c <name>=<value>]\n           [--exec-path[=<path>]] [--html-path] [--man-path] [--info-path]\n           [-p | --paginate | -P | --no-pager] [--no-replace-objects] [--bare]\n           [--git-dir=<path>] [--work-tree=<path>] [--namespace=<name>]\n           [--super-prefix=<path>] [--config-env=<name>=<envvar>]\n           <command> [<args>]\n\nThese are common Git commands used in various situations:\n\nstart a working area (see also: git help tutorial)\n   clone             Clone a repository into a new directory\n   init              Create an empty Git repository or reinitialize an existing one\n\nwork on the current change (see also: git help everyday)\n   add               Add file contents to the index\n   mv                Move or rename a file, a directory, or a symlink\n   restore           Restore working tree files\n   rm                Remove files from the working tree and from the index\n   sparse-checkout   Initialize and modify the sparse-checkout\n\nexamine the history and state (see also: git help revisions)\n   bisect            Use binary search to find the commit that introduced a bug\n   diff              Show changes between commits, commit and working tree, etc\n   grep              Print lines matching a pattern\n   log               Show commit logs\n   show              Show various types of objects\n   status            Show the working tree status\n\ngrow, mark and tweak your common history\n   branch            List, create, or delete branches\n   commit            Record changes to the repository\n   merge             Join two or more development histories together\n   rebase            Reapply commits on top of another base tip\n   reset             Reset current HEAD to the specified state\n   switch            Switch branches\n   tag               Create, list, delete or verify a tag object signed with GPG\n\ncollaborate (see also: git help workflows)\n   fetch             Download objects and refs from another repository\n   pull              Fetch from and integrate with another repository or a local branch\n   push              Update remote refs along with associated objects\n\n'git help -a' and 'git help -g' list available subcommands and some\nconcept guides. See 'git help <command>' or 'git help <concept>'\nto read about a specific subcommand or concept.\nSee 'git help git' for an overview of the system.\n""
[0m14:10:53.663082 [debug] [MainThread]: STDERR: "b''"
[0m14:10:53.665953 [debug] [MainThread]: Acquiring new bigquery connection "debug"
[0m14:10:53.666500 [debug] [MainThread]: Opening a new connection, currently in state init
[0m14:10:54.081891 [debug] [MainThread]: On debug: select 1 as id
[0m14:10:56.443181 [debug] [MainThread]: Sending event: {'category': 'dbt', 'action': 'invocation', 'label': 'end', 'context': [<snowplow_tracker.self_describing_json.SelfDescribingJson object at 0x111a5ebb0>, <snowplow_tracker.self_describing_json.SelfDescribingJson object at 0x111a72a60>, <snowplow_tracker.self_describing_json.SelfDescribingJson object at 0x107e60b20>]}
[0m14:10:57.535092 [debug] [MainThread]: Connection 'debug' was properly closed.
